<?xml version="1.0" encoding="UTF-8"?>
<!-- Generated by org.testng.reporters.JUnitXMLReporter -->
<testsuite hostname="omni-H310M-H" ignored="0" name="Default test" tests="3" failures="0" timestamp="19 Jun 2019 12:06:47 GMT" time="7.279" errors="0">
  <testcase name="googleSearch" time="3.006" classname="com.testng.MailTest"/>
  <testcase name="loginGmail" time="2.496" classname="com.testng.MailTest"/>
  <testcase name="getTitle" time="0.008" classname="com.testng.MailTest"/>
</testsuite> <!-- Default test -->
